<?xml version="1.0" encoding="UTF-8"?>
<testng-results ignored="0" total="5" passed="4" failed="1" skipped="0">
  <reporter-output>
  </reporter-output>
  <suite started-at="2022-10-28T12:52:52 IST" name="Suite" finished-at="2022-10-28T12:53:35 IST" duration-ms="42959">
    <groups>
    </groups>
    <test started-at="2022-10-28T12:52:52 IST" name="Test" finished-at="2022-10-28T12:53:35 IST" duration-ms="42959">
      <class name="Tast_Scenarios.Test_Facebook">
        <test-method is-config="true" signature="beforetest()[pri:0, instance:Tast_Scenarios.Test_Facebook@486be205]" started-at="2022-10-28T12:52:52 IST" name="beforetest" finished-at="2022-10-28T12:52:58 IST" duration-ms="5857" status="PASS">
          <reporter-output>
          </reporter-output>
        </test-method> <!-- beforetest -->
        <test-method signature="searchOperation()[pri:0, instance:Tast_Scenarios.Test_Facebook@486be205]" started-at="2022-10-28T12:52:58 IST" name="searchOperation" finished-at="2022-10-28T12:53:01 IST" duration-ms="2846" status="FAIL">
          <exception class="java.lang.AssertionError">
            <message>
              <![CDATA[expected [Log in to Facebook] but found [facebook - Google Search]]]>
            </message>
            <full-stacktrace>
              <![CDATA[java.lang.AssertionError: expected [Log in to Facebook] but found [facebook - Google Search]
at org.testng.Assert.fail(Assert.java:110)
at org.testng.Assert.failNotEquals(Assert.java:1413)
at org.testng.Assert.assertEqualsImpl(Assert.java:149)
at org.testng.Assert.assertEquals(Assert.java:131)
at org.testng.Assert.assertEquals(Assert.java:655)
at org.testng.Assert.assertEquals(Assert.java:665)
at Tast_Scenarios.Test_Facebook.searchOperation(Test_Facebook.java:91)
at java.base/jdk.internal.reflect.DirectMethodHandleAccessor.invoke(DirectMethodHandleAccessor.java:104)
at java.base/java.lang.reflect.Method.invoke(Method.java:577)
at org.testng.internal.invokers.MethodInvocationHelper.invokeMethod(MethodInvocationHelper.java:139)
at org.testng.internal.invokers.TestInvoker.invokeMethod(TestInvoker.java:677)
at org.testng.internal.invokers.TestInvoker.invokeTestMethod(TestInvoker.java:221)
at org.testng.internal.invokers.MethodRunner.runInSequence(MethodRunner.java:50)
at org.testng.internal.invokers.TestInvoker$MethodInvocationAgent.invoke(TestInvoker.java:962)
at org.testng.internal.invokers.TestInvoker.invokeTestMethods(TestInvoker.java:194)
at org.testng.internal.invokers.TestMethodWorker.invokeTestMethods(TestMethodWorker.java:148)
at org.testng.internal.invokers.TestMethodWorker.run(TestMethodWorker.java:128)
at java.base/java.util.ArrayList.forEach(ArrayList.java:1511)
at org.testng.TestRunner.privateRun(TestRunner.java:806)
at org.testng.TestRunner.run(TestRunner.java:601)
at org.testng.SuiteRunner.runTest(SuiteRunner.java:433)
at org.testng.SuiteRunner.runSequentially(SuiteRunner.java:427)
at org.testng.SuiteRunner.privateRun(SuiteRunner.java:387)
at org.testng.SuiteRunner.run(SuiteRunner.java:330)
at org.testng.SuiteRunnerWorker.runSuite(SuiteRunnerWorker.java:52)
at org.testng.SuiteRunnerWorker.run(SuiteRunnerWorker.java:95)
at org.testng.TestNG.runSuitesSequentially(TestNG.java:1256)
at org.testng.TestNG.runSuitesLocally(TestNG.java:1176)
at org.testng.TestNG.runSuites(TestNG.java:1099)
at org.testng.TestNG.run(TestNG.java:1067)
at org.testng.remote.AbstractRemoteTestNG.run(AbstractRemoteTestNG.java:115)
at org.testng.remote.RemoteTestNG.initAndRun(RemoteTestNG.java:251)
at org.testng.remote.RemoteTestNG.main(RemoteTestNG.java:77)
]]>
            </full-stacktrace>
          </exception> <!-- java.lang.AssertionError -->
          <reporter-output>
          </reporter-output>
        </test-method> <!-- searchOperation -->
        <test-method signature="VerifyandAccessFacebook()[pri:1, instance:Tast_Scenarios.Test_Facebook@486be205]" started-at="2022-10-28T12:53:04 IST" name="VerifyandAccessFacebook" finished-at="2022-10-28T12:53:05 IST" duration-ms="923" status="PASS">
          <reporter-output>
          </reporter-output>
        </test-method> <!-- VerifyandAccessFacebook -->
        <test-method signature="verifylogin(java.util.Map)[pri:2, instance:Tast_Scenarios.Test_Facebook@486be205]" started-at="2022-10-28T12:53:08 IST" name="verifylogin" data-provider="testdata" finished-at="2022-10-28T12:53:20 IST" duration-ms="12027" status="PASS">
          <params>
            <param index="0">
              <value>
                <![CDATA[{name=sai, salary=10000.0, age=25.0}]]>
              </value>
            </param>
          </params>
          <reporter-output>
          </reporter-output>
        </test-method> <!-- verifylogin -->
        <test-method signature="verifylogin(java.util.Map)[pri:2, instance:Tast_Scenarios.Test_Facebook@486be205]" started-at="2022-10-28T12:53:20 IST" name="verifylogin" data-provider="testdata" finished-at="2022-10-28T12:53:27 IST" duration-ms="7522" status="PASS">
          <params>
            <param index="0">
              <value>
                <![CDATA[{name=bhargav, salary=50000.0, age=22.0}]]>
              </value>
            </param>
          </params>
          <reporter-output>
          </reporter-output>
        </test-method> <!-- verifylogin -->
        <test-method signature="verifylogin(java.util.Map)[pri:2, instance:Tast_Scenarios.Test_Facebook@486be205]" started-at="2022-10-28T12:53:27 IST" name="verifylogin" data-provider="testdata" finished-at="2022-10-28T12:53:35 IST" duration-ms="7789" status="PASS">
          <params>
            <param index="0">
              <value>
                <![CDATA[{name=animi, salary=120000.0, age=24.0}]]>
              </value>
            </param>
          </params>
          <reporter-output>
          </reporter-output>
        </test-method> <!-- verifylogin -->
        <test-method is-config="true" signature="aftertest()[pri:0, instance:Tast_Scenarios.Test_Facebook@486be205]" started-at="2022-10-28T12:53:35 IST" name="aftertest" finished-at="2022-10-28T12:53:35 IST" duration-ms="417" status="PASS">
          <reporter-output>
          </reporter-output>
        </test-method> <!-- aftertest -->
      </class> <!-- Tast_Scenarios.Test_Facebook -->
    </test> <!-- Test -->
  </suite> <!-- Suite -->
</testng-results>
